<?xml version="1.0" encoding="UTF-8"?>
<!-- Generated by org.testng.reporters.JUnitReportReporter -->
<testsuite skipped="0" hostname="TATRC-17323" name="testCases.Admin.Simulation.NodeTypeAddEditDelete" tests="1" failures="0" timestamp="07 Nov 2019 13:29:04 GMT" time="80.251" errors="0">
  <testcase name="execute" time="80.251" classname="testCases.Admin.Simulation.NodeTypeAddEditDelete"/>
</testsuite> <!-- testCases.Admin.Simulation.NodeTypeAddEditDelete -->
