<?xml version="1.0" encoding="UTF-8"?>
<!-- Generated by org.testng.reporters.JUnitReportReporter -->
<testsuite skipped="0" hostname="TATRC-17323" name="pageFactories.unitTests.AdminAuditLog.CreateAuditLogPageFactoryTest" tests="1" failures="0" timestamp="11 Dec 2018 12:26:41 GMT" time="29.047" errors="0">
  <testcase name="someTest" time="29.047" classname="pageFactories.unitTests.AdminAuditLog.CreateAuditLogPageFactoryTest"/>
</testsuite> <!-- pageFactories.unitTests.AdminAuditLog.CreateAuditLogPageFactoryTest -->
