<?xml version="1.0" encoding="UTF-8"?>
<!-- Generated by org.testng.reporters.JUnitReportReporter -->
<testsuite skipped="0" hostname="TATRC-17323" name="testCases.TempTestCase" tests="1" failures="0" timestamp="14 Aug 2019 19:38:14 GMT" time="520.459" errors="0">
  <testcase name="test" time="520.459" classname="testCases.TempTestCase"/>
</testsuite> <!-- testCases.TempTestCase -->
