<?xml version="1.0" encoding="UTF-8"?>
<!-- Generated by org.testng.reporters.JUnitReportReporter -->
<testsuite skipped="0" hostname="TATRC-17323" name="pageFactories.unitTests.ForgotPasswordTest" tests="1" failures="0" timestamp="29 Jan 2019 13:24:07 GMT" time="11.867" errors="0">
  <testcase name="execute" time="11.867" classname="pageFactories.unitTests.ForgotPasswordTest"/>
</testsuite> <!-- pageFactories.unitTests.ForgotPasswordTest -->
