<?xml version="1.0" encoding="UTF-8"?>
<!-- Generated by org.testng.reporters.JUnitReportReporter -->
<testsuite skipped="0" hostname="TATRC-17323" name="testCases.ChangePasswordAndEnforceComplexity" tests="1" failures="0" timestamp="07 Nov 2019 13:29:04 GMT" time="34.043" errors="0">
  <testcase name="loginAndNavigateToChangePassword" time="34.043" classname="testCases.ChangePasswordAndEnforceComplexity"/>
</testsuite> <!-- testCases.ChangePasswordAndEnforceComplexity -->
