<?xml version="1.0" encoding="UTF-8"?>
<!-- Generated by org.testng.reporters.JUnitReportReporter -->
<testsuite skipped="0" hostname="TATRC-17323" name="pageFactories.Admin.AdminSimulationPages.NodeConnectorPageFactoryTest" tests="1" failures="0" timestamp="26 Apr 2019 10:58:11 GMT" time="36.368" errors="0">
  <testcase name="execute" time="36.368" classname="pageFactories.Admin.AdminSimulationPages.NodeConnectorPageFactoryTest"/>
</testsuite> <!-- pageFactories.Admin.AdminSimulationPages.NodeConnectorPageFactoryTest -->
