<?xml version="1.0" encoding="UTF-8"?>
<!-- Generated by org.testng.reporters.JUnitReportReporter -->
<testsuite skipped="0" hostname="TATRC-17323" name="pageFactories.unitTests.AdminSimulationPagesTests.NodeTypePageFactoryTest" tests="1" failures="0" timestamp="26 Apr 2019 11:00:41 GMT" time="35.433" errors="0">
  <testcase name="execute" time="35.433" classname="pageFactories.unitTests.AdminSimulationPagesTests.NodeTypePageFactoryTest"/>
</testsuite> <!-- pageFactories.unitTests.AdminSimulationPagesTests.NodeTypePageFactoryTest -->
