<?xml version="1.0" encoding="UTF-8"?>
<!-- Generated by org.testng.reporters.JUnitReportReporter -->
<testsuite skipped="0" hostname="TATRC-17323" name="pageFactories.unitTests.AdminSimulationPagesTests.SimulatorSoftwareVersionOSCreateEditDetailsDeletePageFactoryTest" tests="1" failures="0" timestamp="11 Mar 2019 12:03:55 GMT" time="22.483" errors="0">
  <testcase name="execute" time="22.483" classname="pageFactories.unitTests.AdminSimulationPagesTests.SimulatorSoftwareVersionOSCreateEditDetailsDeletePageFactoryTest"/>
</testsuite> <!-- pageFactories.unitTests.AdminSimulationPagesTests.SimulatorSoftwareVersionOSCreateEditDetailsDeletePageFactoryTest -->
