<?xml version="1.0" encoding="UTF-8"?>
<!-- Generated by org.testng.reporters.JUnitReportReporter -->
<testsuite skipped="0" hostname="TATRC-17323" name="pageFactories.unitTests.UserProfilePageFactoryTest" tests="1" failures="0" timestamp="25 Sep 2018 11:17:16 GMT" time="13.592" errors="0">
  <testcase name="execute" time="13.592" classname="pageFactories.unitTests.UserProfilePageFactoryTest"/>
</testsuite> <!-- pageFactories.unitTests.UserProfilePageFactoryTest -->
