<?xml version="1.0" encoding="UTF-8"?>
<!-- Generated by org.testng.reporters.JUnitReportReporter -->
<testsuite skipped="0" hostname="TATRC-17323" name="testCases.ValidateErrorLoginTypes" tests="4" failures="0" timestamp="07 Nov 2019 13:29:04 GMT" time="40.935" errors="0">
  <testcase name="execute" time="10.949" classname="testCases.ValidateErrorLoginTypes"/>
  <testcase name="execute" time="9.409" classname="testCases.ValidateErrorLoginTypes"/>
  <testcase name="execute" time="10.047" classname="testCases.ValidateErrorLoginTypes"/>
  <testcase name="execute" time="10.530" classname="testCases.ValidateErrorLoginTypes"/>
</testsuite> <!-- testCases.ValidateErrorLoginTypes -->
