<?xml version="1.0" encoding="UTF-8"?>
<!-- Generated by org.testng.reporters.JUnitReportReporter -->
<testsuite skipped="0" hostname="TATRC-17323" name="pageFactories.unitTests.MyMenuPagesTests.SimulationsCreateEditDetailsDeletePageFactoryTest" tests="1" failures="0" timestamp="26 Feb 2019 14:10:15 GMT" time="40.434" errors="0">
  <testcase name="execute" time="40.434" classname="pageFactories.unitTests.MyMenuPagesTests.SimulationsCreateEditDetailsDeletePageFactoryTest"/>
</testsuite> <!-- pageFactories.unitTests.MyMenuPagesTests.SimulationsCreateEditDetailsDeletePageFactoryTest -->
