<?xml version="1.0" encoding="UTF-8"?>
<!-- Generated by org.testng.reporters.JUnitReportReporter -->
<testsuite skipped="0" hostname="TATRC-17323" name="pageFactories.unitTests.JesseTest" tests="1" failures="0" timestamp="28 May 2019 16:52:20 GMT" time="23.613" errors="0">
  <testcase name="execute" time="23.613" classname="pageFactories.unitTests.JesseTest"/>
</testsuite> <!-- pageFactories.unitTests.JesseTest -->
