<?xml version="1.0" encoding="UTF-8"?>
<!-- Generated by org.testng.reporters.JUnitReportReporter -->
<testsuite skipped="0" hostname="TATRC-17323" name="pageFactories.unitTests.AdminSimulationPagesTests.InitialPhysiologicParametersTemplatePageFactoryTest" tests="1" failures="0" timestamp="04 Apr 2019 13:22:51 GMT" time="26.855" errors="0">
  <testcase name="test" time="26.855" classname="pageFactories.unitTests.AdminSimulationPagesTests.InitialPhysiologicParametersTemplatePageFactoryTest"/>
</testsuite> <!-- pageFactories.unitTests.AdminSimulationPagesTests.InitialPhysiologicParametersTemplatePageFactoryTest -->
