<?xml version="1.0" encoding="UTF-8"?>
<!-- Generated by org.testng.reporters.JUnitReportReporter -->
<testsuite skipped="0" hostname="TATRC-17323" name="testCases.Admin.Simulation.InitialPhysiologicParametersTemplateEdit" tests="1" failures="0" timestamp="04 Jun 2019 17:05:21 GMT" time="47.114" errors="0">
  <testcase name="execute" time="47.114" classname="testCases.Admin.Simulation.InitialPhysiologicParametersTemplateEdit"/>
</testsuite> <!-- testCases.Admin.Simulation.InitialPhysiologicParametersTemplateEdit -->
