<?xml version="1.0" encoding="UTF-8"?>
<!-- Generated by org.testng.reporters.JUnitReportReporter -->
<testsuite skipped="0" hostname="TATRC-17323" name="testCases.ChangePassword" tests="1" failures="0" timestamp="11 Jan 2019 12:36:36 GMT" time="32.031" errors="0">
  <testcase name="loginAndNavigateToChangePassword" time="32.031" classname="testCases.ChangePassword"/>
</testsuite> <!-- testCases.ChangePassword -->
