<?xml version="1.0" encoding="UTF-8"?>
<!-- Generated by org.testng.reporters.JUnitReportReporter -->
<testsuite skipped="0" hostname="TATRC-17323" name="pageFactories.unitTests.AuditLogPageFactoryTest" tests="1" failures="0" timestamp="10 Dec 2018 20:17:43 GMT" time="19.223" errors="0">
  <testcase name="execute" time="19.223" classname="pageFactories.unitTests.AuditLogPageFactoryTest"/>
</testsuite> <!-- pageFactories.unitTests.AuditLogPageFactoryTest -->
