<?xml version="1.0" encoding="UTF-8"?>
<!-- Generated by org.testng.reporters.JUnitReportReporter -->
<testsuite skipped="0" hostname="TATRC-17323" name="testCases.Admin.Content.ContentTypeAddEditDelete" tests="1" failures="0" timestamp="07 Nov 2019 13:29:04 GMT" time="106.115" errors="0">
  <testcase name="execute" time="106.115" classname="testCases.Admin.Content.ContentTypeAddEditDelete"/>
</testsuite> <!-- testCases.Admin.Content.ContentTypeAddEditDelete -->
