<?xml version="1.0" encoding="UTF-8"?>
<!-- Generated by org.testng.reporters.JUnitReportReporter -->
<testsuite skipped="0" hostname="TATRC-17323" name="pageFactories.unitTests.AdminSimulationPagesTests.SimulatorProgrammingPlatformCreateEditDetailsDeletePageFactoryTest" tests="1" failures="0" timestamp="11 Mar 2019 12:03:07 GMT" time="17.387" errors="0">
  <testcase name="execute" time="17.387" classname="pageFactories.unitTests.AdminSimulationPagesTests.SimulatorProgrammingPlatformCreateEditDetailsDeletePageFactoryTest"/>
</testsuite> <!-- pageFactories.unitTests.AdminSimulationPagesTests.SimulatorProgrammingPlatformCreateEditDetailsDeletePageFactoryTest -->
